[2023-07-27T00:34:42.739+0000] {processor.py:157} INFO - Started process (PID=183) to work on /opt/airflow/dags/etl_dag.py
[2023-07-27T00:34:42.741+0000] {processor.py:826} INFO - Processing file /opt/airflow/dags/etl_dag.py for tasks to queue
[2023-07-27T00:34:42.743+0000] {logging_mixin.py:150} INFO - [2023-07-27T00:34:42.743+0000] {dagbag.py:541} INFO - Filling up the DagBag from /opt/airflow/dags/etl_dag.py
[2023-07-27T00:34:44.351+0000] {processor.py:836} INFO - DAG(s) dict_keys(['EPT_DATA_ENG_ETL_V0.1.0']) retrieved from /opt/airflow/dags/etl_dag.py
[2023-07-27T00:34:44.393+0000] {logging_mixin.py:150} INFO - [2023-07-27T00:34:44.392+0000] {dag.py:2742} INFO - Sync 1 DAGs
[2023-07-27T00:34:44.421+0000] {logging_mixin.py:150} INFO - [2023-07-27T00:34:44.421+0000] {dag.py:3508} INFO - Setting next_dagrun for EPT_DATA_ENG_ETL_V0.1.0 to 2023-07-28T00:00:00+00:00, run_after=2023-07-29T00:00:00+00:00
[2023-07-27T00:34:44.444+0000] {processor.py:179} INFO - Processing /opt/airflow/dags/etl_dag.py took 1.709 seconds
[2023-07-27T00:35:14.653+0000] {processor.py:157} INFO - Started process (PID=201) to work on /opt/airflow/dags/etl_dag.py
[2023-07-27T00:35:14.656+0000] {processor.py:826} INFO - Processing file /opt/airflow/dags/etl_dag.py for tasks to queue
[2023-07-27T00:35:14.658+0000] {logging_mixin.py:150} INFO - [2023-07-27T00:35:14.657+0000] {dagbag.py:541} INFO - Filling up the DagBag from /opt/airflow/dags/etl_dag.py
[2023-07-27T00:35:16.332+0000] {processor.py:836} INFO - DAG(s) dict_keys(['EPT_DATA_ENG_ETL_V0.1.0']) retrieved from /opt/airflow/dags/etl_dag.py
[2023-07-27T00:35:16.553+0000] {logging_mixin.py:150} INFO - [2023-07-27T00:35:16.552+0000] {dag.py:2742} INFO - Sync 1 DAGs
[2023-07-27T00:35:16.586+0000] {logging_mixin.py:150} INFO - [2023-07-27T00:35:16.586+0000] {dag.py:3508} INFO - Setting next_dagrun for EPT_DATA_ENG_ETL_V0.1.0 to 2023-07-28T00:00:00+00:00, run_after=2023-07-29T00:00:00+00:00
[2023-07-27T00:35:16.610+0000] {processor.py:179} INFO - Processing /opt/airflow/dags/etl_dag.py took 1.962 seconds
[2023-07-27T00:35:46.984+0000] {processor.py:157} INFO - Started process (PID=225) to work on /opt/airflow/dags/etl_dag.py
[2023-07-27T00:35:46.986+0000] {processor.py:826} INFO - Processing file /opt/airflow/dags/etl_dag.py for tasks to queue
[2023-07-27T00:35:46.988+0000] {logging_mixin.py:150} INFO - [2023-07-27T00:35:46.988+0000] {dagbag.py:541} INFO - Filling up the DagBag from /opt/airflow/dags/etl_dag.py
[2023-07-27T00:35:48.513+0000] {processor.py:836} INFO - DAG(s) dict_keys(['EPT_DATA_ENG_ETL_V0.1.0']) retrieved from /opt/airflow/dags/etl_dag.py
[2023-07-27T00:35:48.700+0000] {logging_mixin.py:150} INFO - [2023-07-27T00:35:48.700+0000] {dag.py:2742} INFO - Sync 1 DAGs
[2023-07-27T00:35:48.727+0000] {logging_mixin.py:150} INFO - [2023-07-27T00:35:48.727+0000] {dag.py:3508} INFO - Setting next_dagrun for EPT_DATA_ENG_ETL_V0.1.0 to 2023-07-28T00:00:00+00:00, run_after=2023-07-29T00:00:00+00:00
[2023-07-27T00:35:48.747+0000] {processor.py:179} INFO - Processing /opt/airflow/dags/etl_dag.py took 1.769 seconds
[2023-07-27T00:36:18.852+0000] {processor.py:157} INFO - Started process (PID=241) to work on /opt/airflow/dags/etl_dag.py
[2023-07-27T00:36:18.860+0000] {processor.py:826} INFO - Processing file /opt/airflow/dags/etl_dag.py for tasks to queue
[2023-07-27T00:36:18.867+0000] {logging_mixin.py:150} INFO - [2023-07-27T00:36:18.866+0000] {dagbag.py:541} INFO - Filling up the DagBag from /opt/airflow/dags/etl_dag.py
[2023-07-27T00:36:20.499+0000] {processor.py:836} INFO - DAG(s) dict_keys(['EPT_DATA_ENG_ETL_V0.1.0']) retrieved from /opt/airflow/dags/etl_dag.py
[2023-07-27T00:36:20.687+0000] {logging_mixin.py:150} INFO - [2023-07-27T00:36:20.687+0000] {dag.py:2742} INFO - Sync 1 DAGs
[2023-07-27T00:36:20.714+0000] {logging_mixin.py:150} INFO - [2023-07-27T00:36:20.713+0000] {dag.py:3508} INFO - Setting next_dagrun for EPT_DATA_ENG_ETL_V0.1.0 to 2023-07-28T00:00:00+00:00, run_after=2023-07-29T00:00:00+00:00
[2023-07-27T00:36:20.733+0000] {processor.py:179} INFO - Processing /opt/airflow/dags/etl_dag.py took 1.898 seconds
[2023-07-27T00:36:50.958+0000] {processor.py:157} INFO - Started process (PID=274) to work on /opt/airflow/dags/etl_dag.py
[2023-07-27T00:36:50.960+0000] {processor.py:826} INFO - Processing file /opt/airflow/dags/etl_dag.py for tasks to queue
[2023-07-27T00:36:50.962+0000] {logging_mixin.py:150} INFO - [2023-07-27T00:36:50.961+0000] {dagbag.py:541} INFO - Filling up the DagBag from /opt/airflow/dags/etl_dag.py
[2023-07-27T00:36:52.618+0000] {processor.py:836} INFO - DAG(s) dict_keys(['EPT_DATA_ENG_ETL_V0.1.0']) retrieved from /opt/airflow/dags/etl_dag.py
[2023-07-27T00:36:52.861+0000] {logging_mixin.py:150} INFO - [2023-07-27T00:36:52.861+0000] {dag.py:2742} INFO - Sync 1 DAGs
[2023-07-27T00:36:52.894+0000] {logging_mixin.py:150} INFO - [2023-07-27T00:36:52.894+0000] {dag.py:3508} INFO - Setting next_dagrun for EPT_DATA_ENG_ETL_V0.1.0 to 2023-07-28T00:00:00+00:00, run_after=2023-07-29T00:00:00+00:00
[2023-07-27T00:36:52.924+0000] {processor.py:179} INFO - Processing /opt/airflow/dags/etl_dag.py took 1.971 seconds
[2023-07-27T00:37:23.206+0000] {processor.py:157} INFO - Started process (PID=305) to work on /opt/airflow/dags/etl_dag.py
[2023-07-27T00:37:23.210+0000] {processor.py:826} INFO - Processing file /opt/airflow/dags/etl_dag.py for tasks to queue
[2023-07-27T00:37:23.212+0000] {logging_mixin.py:150} INFO - [2023-07-27T00:37:23.212+0000] {dagbag.py:541} INFO - Filling up the DagBag from /opt/airflow/dags/etl_dag.py
[2023-07-27T00:37:24.871+0000] {processor.py:836} INFO - DAG(s) dict_keys(['EPT_DATA_ENG_ETL_V0.1.0']) retrieved from /opt/airflow/dags/etl_dag.py
[2023-07-27T00:37:25.079+0000] {logging_mixin.py:150} INFO - [2023-07-27T00:37:25.078+0000] {dag.py:2742} INFO - Sync 1 DAGs
[2023-07-27T00:37:25.112+0000] {logging_mixin.py:150} INFO - [2023-07-27T00:37:25.112+0000] {dag.py:3508} INFO - Setting next_dagrun for EPT_DATA_ENG_ETL_V0.1.0 to 2023-07-28T00:00:00+00:00, run_after=2023-07-29T00:00:00+00:00
[2023-07-27T00:37:25.137+0000] {processor.py:179} INFO - Processing /opt/airflow/dags/etl_dag.py took 1.938 seconds
[2023-07-27T00:37:55.803+0000] {processor.py:157} INFO - Started process (PID=344) to work on /opt/airflow/dags/etl_dag.py
[2023-07-27T00:37:55.806+0000] {processor.py:826} INFO - Processing file /opt/airflow/dags/etl_dag.py for tasks to queue
[2023-07-27T00:37:55.809+0000] {logging_mixin.py:150} INFO - [2023-07-27T00:37:55.809+0000] {dagbag.py:541} INFO - Filling up the DagBag from /opt/airflow/dags/etl_dag.py
[2023-07-27T00:37:57.594+0000] {processor.py:836} INFO - DAG(s) dict_keys(['EPT_DATA_ENG_ETL_V0.1.0']) retrieved from /opt/airflow/dags/etl_dag.py
[2023-07-27T00:37:57.803+0000] {logging_mixin.py:150} INFO - [2023-07-27T00:37:57.803+0000] {dag.py:2742} INFO - Sync 1 DAGs
[2023-07-27T00:37:57.840+0000] {logging_mixin.py:150} INFO - [2023-07-27T00:37:57.840+0000] {dag.py:3508} INFO - Setting next_dagrun for EPT_DATA_ENG_ETL_V0.1.0 to 2023-07-28T00:00:00+00:00, run_after=2023-07-29T00:00:00+00:00
[2023-07-27T00:37:57.867+0000] {processor.py:179} INFO - Processing /opt/airflow/dags/etl_dag.py took 2.070 seconds
