[2023-07-27T00:41:12.456+0000] {processor.py:157} INFO - Started process (PID=179) to work on /opt/airflow/dags/settings/params.py
[2023-07-27T00:41:12.459+0000] {processor.py:826} INFO - Processing file /opt/airflow/dags/settings/params.py for tasks to queue
[2023-07-27T00:41:12.462+0000] {logging_mixin.py:150} INFO - [2023-07-27T00:41:12.461+0000] {dagbag.py:541} INFO - Filling up the DagBag from /opt/airflow/dags/settings/params.py
[2023-07-27T00:41:12.990+0000] {processor.py:838} WARNING - No viable dags retrieved from /opt/airflow/dags/settings/params.py
[2023-07-27T00:41:13.018+0000] {processor.py:179} INFO - Processing /opt/airflow/dags/settings/params.py took 0.567 seconds
[2023-07-27T00:41:43.763+0000] {processor.py:157} INFO - Started process (PID=196) to work on /opt/airflow/dags/settings/params.py
[2023-07-27T00:41:43.766+0000] {processor.py:826} INFO - Processing file /opt/airflow/dags/settings/params.py for tasks to queue
[2023-07-27T00:41:43.769+0000] {logging_mixin.py:150} INFO - [2023-07-27T00:41:43.768+0000] {dagbag.py:541} INFO - Filling up the DagBag from /opt/airflow/dags/settings/params.py
[2023-07-27T00:41:44.391+0000] {processor.py:838} WARNING - No viable dags retrieved from /opt/airflow/dags/settings/params.py
[2023-07-27T00:41:44.413+0000] {processor.py:179} INFO - Processing /opt/airflow/dags/settings/params.py took 0.655 seconds
[2023-07-27T00:42:14.508+0000] {processor.py:157} INFO - Started process (PID=236) to work on /opt/airflow/dags/settings/params.py
[2023-07-27T00:42:14.511+0000] {processor.py:826} INFO - Processing file /opt/airflow/dags/settings/params.py for tasks to queue
[2023-07-27T00:42:14.514+0000] {logging_mixin.py:150} INFO - [2023-07-27T00:42:14.513+0000] {dagbag.py:541} INFO - Filling up the DagBag from /opt/airflow/dags/settings/params.py
[2023-07-27T00:42:14.878+0000] {processor.py:838} WARNING - No viable dags retrieved from /opt/airflow/dags/settings/params.py
[2023-07-27T00:42:14.894+0000] {processor.py:179} INFO - Processing /opt/airflow/dags/settings/params.py took 0.391 seconds
[2023-07-27T00:42:45.099+0000] {processor.py:157} INFO - Started process (PID=262) to work on /opt/airflow/dags/settings/params.py
[2023-07-27T00:42:45.101+0000] {processor.py:826} INFO - Processing file /opt/airflow/dags/settings/params.py for tasks to queue
[2023-07-27T00:42:45.103+0000] {logging_mixin.py:150} INFO - [2023-07-27T00:42:45.103+0000] {dagbag.py:541} INFO - Filling up the DagBag from /opt/airflow/dags/settings/params.py
[2023-07-27T00:42:45.445+0000] {processor.py:838} WARNING - No viable dags retrieved from /opt/airflow/dags/settings/params.py
[2023-07-27T00:42:45.462+0000] {processor.py:179} INFO - Processing /opt/airflow/dags/settings/params.py took 0.369 seconds
[2023-07-27T00:43:15.517+0000] {processor.py:157} INFO - Started process (PID=301) to work on /opt/airflow/dags/settings/params.py
[2023-07-27T00:43:15.519+0000] {processor.py:826} INFO - Processing file /opt/airflow/dags/settings/params.py for tasks to queue
[2023-07-27T00:43:15.521+0000] {logging_mixin.py:150} INFO - [2023-07-27T00:43:15.521+0000] {dagbag.py:541} INFO - Filling up the DagBag from /opt/airflow/dags/settings/params.py
[2023-07-27T00:43:15.849+0000] {processor.py:838} WARNING - No viable dags retrieved from /opt/airflow/dags/settings/params.py
[2023-07-27T00:43:15.864+0000] {processor.py:179} INFO - Processing /opt/airflow/dags/settings/params.py took 0.353 seconds
[2023-07-27T00:43:46.104+0000] {processor.py:157} INFO - Started process (PID=317) to work on /opt/airflow/dags/settings/params.py
[2023-07-27T00:43:46.108+0000] {processor.py:826} INFO - Processing file /opt/airflow/dags/settings/params.py for tasks to queue
[2023-07-27T00:43:46.111+0000] {logging_mixin.py:150} INFO - [2023-07-27T00:43:46.110+0000] {dagbag.py:541} INFO - Filling up the DagBag from /opt/airflow/dags/settings/params.py
[2023-07-27T00:43:46.617+0000] {processor.py:838} WARNING - No viable dags retrieved from /opt/airflow/dags/settings/params.py
[2023-07-27T00:43:46.637+0000] {processor.py:179} INFO - Processing /opt/airflow/dags/settings/params.py took 0.540 seconds
[2023-07-27T00:44:16.896+0000] {processor.py:157} INFO - Started process (PID=333) to work on /opt/airflow/dags/settings/params.py
[2023-07-27T00:44:16.900+0000] {processor.py:826} INFO - Processing file /opt/airflow/dags/settings/params.py for tasks to queue
[2023-07-27T00:44:16.903+0000] {logging_mixin.py:150} INFO - [2023-07-27T00:44:16.902+0000] {dagbag.py:541} INFO - Filling up the DagBag from /opt/airflow/dags/settings/params.py
[2023-07-27T00:44:17.377+0000] {processor.py:838} WARNING - No viable dags retrieved from /opt/airflow/dags/settings/params.py
[2023-07-27T00:44:17.399+0000] {processor.py:179} INFO - Processing /opt/airflow/dags/settings/params.py took 0.510 seconds
[2023-07-27T00:44:47.627+0000] {processor.py:157} INFO - Started process (PID=349) to work on /opt/airflow/dags/settings/params.py
[2023-07-27T00:44:47.629+0000] {processor.py:826} INFO - Processing file /opt/airflow/dags/settings/params.py for tasks to queue
[2023-07-27T00:44:47.631+0000] {logging_mixin.py:150} INFO - [2023-07-27T00:44:47.631+0000] {dagbag.py:541} INFO - Filling up the DagBag from /opt/airflow/dags/settings/params.py
[2023-07-27T00:44:47.953+0000] {processor.py:838} WARNING - No viable dags retrieved from /opt/airflow/dags/settings/params.py
[2023-07-27T00:44:47.967+0000] {processor.py:179} INFO - Processing /opt/airflow/dags/settings/params.py took 0.346 seconds
[2023-07-27T00:45:18.054+0000] {processor.py:157} INFO - Started process (PID=365) to work on /opt/airflow/dags/settings/params.py
[2023-07-27T00:45:18.057+0000] {processor.py:826} INFO - Processing file /opt/airflow/dags/settings/params.py for tasks to queue
[2023-07-27T00:45:18.059+0000] {logging_mixin.py:150} INFO - [2023-07-27T00:45:18.058+0000] {dagbag.py:541} INFO - Filling up the DagBag from /opt/airflow/dags/settings/params.py
[2023-07-27T00:45:18.361+0000] {processor.py:838} WARNING - No viable dags retrieved from /opt/airflow/dags/settings/params.py
[2023-07-27T00:45:18.379+0000] {processor.py:179} INFO - Processing /opt/airflow/dags/settings/params.py took 0.329 seconds
[2023-07-27T00:45:48.620+0000] {processor.py:157} INFO - Started process (PID=381) to work on /opt/airflow/dags/settings/params.py
[2023-07-27T00:45:48.622+0000] {processor.py:826} INFO - Processing file /opt/airflow/dags/settings/params.py for tasks to queue
[2023-07-27T00:45:48.624+0000] {logging_mixin.py:150} INFO - [2023-07-27T00:45:48.624+0000] {dagbag.py:541} INFO - Filling up the DagBag from /opt/airflow/dags/settings/params.py
[2023-07-27T00:45:48.936+0000] {processor.py:838} WARNING - No viable dags retrieved from /opt/airflow/dags/settings/params.py
[2023-07-27T00:45:48.953+0000] {processor.py:179} INFO - Processing /opt/airflow/dags/settings/params.py took 0.339 seconds
[2023-07-27T02:45:24.917+0000] {processor.py:157} INFO - Started process (PID=392) to work on /opt/airflow/dags/settings/params.py
[2023-07-27T02:45:24.919+0000] {processor.py:826} INFO - Processing file /opt/airflow/dags/settings/params.py for tasks to queue
[2023-07-27T02:45:24.923+0000] {logging_mixin.py:150} INFO - [2023-07-27T02:45:24.922+0000] {dagbag.py:541} INFO - Filling up the DagBag from /opt/airflow/dags/settings/params.py
[2023-07-27T02:45:25.605+0000] {processor.py:838} WARNING - No viable dags retrieved from /opt/airflow/dags/settings/params.py
[2023-07-27T02:45:25.627+0000] {processor.py:179} INFO - Processing /opt/airflow/dags/settings/params.py took 0.717 seconds
[2023-07-27T04:14:23.215+0000] {processor.py:157} INFO - Started process (PID=409) to work on /opt/airflow/dags/settings/params.py
[2023-07-27T04:14:23.220+0000] {processor.py:826} INFO - Processing file /opt/airflow/dags/settings/params.py for tasks to queue
[2023-07-27T04:14:23.226+0000] {logging_mixin.py:150} INFO - [2023-07-27T04:14:23.223+0000] {dagbag.py:541} INFO - Filling up the DagBag from /opt/airflow/dags/settings/params.py
[2023-07-27T04:14:24.319+0000] {processor.py:838} WARNING - No viable dags retrieved from /opt/airflow/dags/settings/params.py
[2023-07-27T04:14:24.341+0000] {processor.py:179} INFO - Processing /opt/airflow/dags/settings/params.py took 1.149 seconds
[2023-07-27T08:14:50.893+0000] {processor.py:157} INFO - Started process (PID=426) to work on /opt/airflow/dags/settings/params.py
[2023-07-27T08:14:50.903+0000] {processor.py:826} INFO - Processing file /opt/airflow/dags/settings/params.py for tasks to queue
[2023-07-27T08:14:50.913+0000] {logging_mixin.py:150} INFO - [2023-07-27T08:14:50.911+0000] {dagbag.py:541} INFO - Filling up the DagBag from /opt/airflow/dags/settings/params.py
[2023-07-27T08:14:52.009+0000] {processor.py:838} WARNING - No viable dags retrieved from /opt/airflow/dags/settings/params.py
[2023-07-27T08:14:52.025+0000] {processor.py:179} INFO - Processing /opt/airflow/dags/settings/params.py took 1.175 seconds
[2023-07-27T08:26:11.748+0000] {processor.py:157} INFO - Started process (PID=442) to work on /opt/airflow/dags/settings/params.py
[2023-07-27T08:26:11.755+0000] {processor.py:826} INFO - Processing file /opt/airflow/dags/settings/params.py for tasks to queue
[2023-07-27T08:26:11.760+0000] {logging_mixin.py:150} INFO - [2023-07-27T08:26:11.758+0000] {dagbag.py:541} INFO - Filling up the DagBag from /opt/airflow/dags/settings/params.py
[2023-07-27T08:26:12.821+0000] {processor.py:838} WARNING - No viable dags retrieved from /opt/airflow/dags/settings/params.py
[2023-07-27T08:26:12.850+0000] {processor.py:179} INFO - Processing /opt/airflow/dags/settings/params.py took 1.119 seconds
[2023-07-27T08:26:43.083+0000] {processor.py:157} INFO - Started process (PID=458) to work on /opt/airflow/dags/settings/params.py
[2023-07-27T08:26:43.085+0000] {processor.py:826} INFO - Processing file /opt/airflow/dags/settings/params.py for tasks to queue
[2023-07-27T08:26:43.087+0000] {logging_mixin.py:150} INFO - [2023-07-27T08:26:43.087+0000] {dagbag.py:541} INFO - Filling up the DagBag from /opt/airflow/dags/settings/params.py
[2023-07-27T08:26:44.335+0000] {processor.py:838} WARNING - No viable dags retrieved from /opt/airflow/dags/settings/params.py
[2023-07-27T08:26:44.373+0000] {processor.py:179} INFO - Processing /opt/airflow/dags/settings/params.py took 1.294 seconds
[2023-07-27T08:27:14.491+0000] {processor.py:157} INFO - Started process (PID=474) to work on /opt/airflow/dags/settings/params.py
[2023-07-27T08:27:14.493+0000] {processor.py:826} INFO - Processing file /opt/airflow/dags/settings/params.py for tasks to queue
[2023-07-27T08:27:14.495+0000] {logging_mixin.py:150} INFO - [2023-07-27T08:27:14.495+0000] {dagbag.py:541} INFO - Filling up the DagBag from /opt/airflow/dags/settings/params.py
[2023-07-27T08:27:14.964+0000] {processor.py:838} WARNING - No viable dags retrieved from /opt/airflow/dags/settings/params.py
[2023-07-27T08:27:14.979+0000] {processor.py:179} INFO - Processing /opt/airflow/dags/settings/params.py took 0.493 seconds
[2023-07-27T08:27:45.181+0000] {processor.py:157} INFO - Started process (PID=490) to work on /opt/airflow/dags/settings/params.py
[2023-07-27T08:27:45.183+0000] {processor.py:826} INFO - Processing file /opt/airflow/dags/settings/params.py for tasks to queue
[2023-07-27T08:27:45.185+0000] {logging_mixin.py:150} INFO - [2023-07-27T08:27:45.184+0000] {dagbag.py:541} INFO - Filling up the DagBag from /opt/airflow/dags/settings/params.py
[2023-07-27T08:27:45.682+0000] {processor.py:838} WARNING - No viable dags retrieved from /opt/airflow/dags/settings/params.py
[2023-07-27T08:27:45.699+0000] {processor.py:179} INFO - Processing /opt/airflow/dags/settings/params.py took 0.522 seconds
[2023-07-27T08:28:15.926+0000] {processor.py:157} INFO - Started process (PID=506) to work on /opt/airflow/dags/settings/params.py
[2023-07-27T08:28:15.928+0000] {processor.py:826} INFO - Processing file /opt/airflow/dags/settings/params.py for tasks to queue
[2023-07-27T08:28:15.930+0000] {logging_mixin.py:150} INFO - [2023-07-27T08:28:15.930+0000] {dagbag.py:541} INFO - Filling up the DagBag from /opt/airflow/dags/settings/params.py
[2023-07-27T08:28:16.393+0000] {processor.py:838} WARNING - No viable dags retrieved from /opt/airflow/dags/settings/params.py
[2023-07-27T08:28:16.409+0000] {processor.py:179} INFO - Processing /opt/airflow/dags/settings/params.py took 0.488 seconds
[2023-07-27T08:28:46.660+0000] {processor.py:157} INFO - Started process (PID=522) to work on /opt/airflow/dags/settings/params.py
[2023-07-27T08:28:46.663+0000] {processor.py:826} INFO - Processing file /opt/airflow/dags/settings/params.py for tasks to queue
[2023-07-27T08:28:46.665+0000] {logging_mixin.py:150} INFO - [2023-07-27T08:28:46.665+0000] {dagbag.py:541} INFO - Filling up the DagBag from /opt/airflow/dags/settings/params.py
[2023-07-27T08:28:47.134+0000] {processor.py:838} WARNING - No viable dags retrieved from /opt/airflow/dags/settings/params.py
[2023-07-27T08:28:47.149+0000] {processor.py:179} INFO - Processing /opt/airflow/dags/settings/params.py took 0.494 seconds
[2023-07-27T08:29:17.389+0000] {processor.py:157} INFO - Started process (PID=538) to work on /opt/airflow/dags/settings/params.py
[2023-07-27T08:29:17.391+0000] {processor.py:826} INFO - Processing file /opt/airflow/dags/settings/params.py for tasks to queue
[2023-07-27T08:29:17.393+0000] {logging_mixin.py:150} INFO - [2023-07-27T08:29:17.393+0000] {dagbag.py:541} INFO - Filling up the DagBag from /opt/airflow/dags/settings/params.py
[2023-07-27T08:29:17.852+0000] {processor.py:838} WARNING - No viable dags retrieved from /opt/airflow/dags/settings/params.py
[2023-07-27T08:29:17.866+0000] {processor.py:179} INFO - Processing /opt/airflow/dags/settings/params.py took 0.483 seconds
[2023-07-27T08:29:48.092+0000] {processor.py:157} INFO - Started process (PID=554) to work on /opt/airflow/dags/settings/params.py
[2023-07-27T08:29:48.094+0000] {processor.py:826} INFO - Processing file /opt/airflow/dags/settings/params.py for tasks to queue
[2023-07-27T08:29:48.096+0000] {logging_mixin.py:150} INFO - [2023-07-27T08:29:48.096+0000] {dagbag.py:541} INFO - Filling up the DagBag from /opt/airflow/dags/settings/params.py
[2023-07-27T08:29:48.555+0000] {processor.py:838} WARNING - No viable dags retrieved from /opt/airflow/dags/settings/params.py
[2023-07-27T08:29:48.570+0000] {processor.py:179} INFO - Processing /opt/airflow/dags/settings/params.py took 0.484 seconds
[2023-07-27T08:30:19.298+0000] {processor.py:157} INFO - Started process (PID=570) to work on /opt/airflow/dags/settings/params.py
[2023-07-27T08:30:19.300+0000] {processor.py:826} INFO - Processing file /opt/airflow/dags/settings/params.py for tasks to queue
[2023-07-27T08:30:19.303+0000] {logging_mixin.py:150} INFO - [2023-07-27T08:30:19.302+0000] {dagbag.py:541} INFO - Filling up the DagBag from /opt/airflow/dags/settings/params.py
[2023-07-27T08:30:19.757+0000] {processor.py:838} WARNING - No viable dags retrieved from /opt/airflow/dags/settings/params.py
[2023-07-27T08:30:19.770+0000] {processor.py:179} INFO - Processing /opt/airflow/dags/settings/params.py took 0.478 seconds
[2023-07-27T08:30:50.000+0000] {processor.py:157} INFO - Started process (PID=586) to work on /opt/airflow/dags/settings/params.py
[2023-07-27T08:30:50.003+0000] {processor.py:826} INFO - Processing file /opt/airflow/dags/settings/params.py for tasks to queue
[2023-07-27T08:30:50.005+0000] {logging_mixin.py:150} INFO - [2023-07-27T08:30:50.005+0000] {dagbag.py:541} INFO - Filling up the DagBag from /opt/airflow/dags/settings/params.py
[2023-07-27T08:30:50.456+0000] {processor.py:838} WARNING - No viable dags retrieved from /opt/airflow/dags/settings/params.py
[2023-07-27T08:30:50.471+0000] {processor.py:179} INFO - Processing /opt/airflow/dags/settings/params.py took 0.477 seconds
[2023-07-27T08:31:20.736+0000] {processor.py:157} INFO - Started process (PID=602) to work on /opt/airflow/dags/settings/params.py
[2023-07-27T08:31:20.738+0000] {processor.py:826} INFO - Processing file /opt/airflow/dags/settings/params.py for tasks to queue
[2023-07-27T08:31:20.740+0000] {logging_mixin.py:150} INFO - [2023-07-27T08:31:20.740+0000] {dagbag.py:541} INFO - Filling up the DagBag from /opt/airflow/dags/settings/params.py
[2023-07-27T08:31:21.215+0000] {processor.py:838} WARNING - No viable dags retrieved from /opt/airflow/dags/settings/params.py
[2023-07-27T08:31:21.231+0000] {processor.py:179} INFO - Processing /opt/airflow/dags/settings/params.py took 0.501 seconds
[2023-07-27T08:31:51.944+0000] {processor.py:157} INFO - Started process (PID=618) to work on /opt/airflow/dags/settings/params.py
[2023-07-27T08:31:51.946+0000] {processor.py:826} INFO - Processing file /opt/airflow/dags/settings/params.py for tasks to queue
[2023-07-27T08:31:51.948+0000] {logging_mixin.py:150} INFO - [2023-07-27T08:31:51.948+0000] {dagbag.py:541} INFO - Filling up the DagBag from /opt/airflow/dags/settings/params.py
[2023-07-27T08:31:52.409+0000] {processor.py:838} WARNING - No viable dags retrieved from /opt/airflow/dags/settings/params.py
[2023-07-27T08:31:52.423+0000] {processor.py:179} INFO - Processing /opt/airflow/dags/settings/params.py took 0.485 seconds
[2023-07-27T08:32:22.656+0000] {processor.py:157} INFO - Started process (PID=634) to work on /opt/airflow/dags/settings/params.py
[2023-07-27T08:32:22.658+0000] {processor.py:826} INFO - Processing file /opt/airflow/dags/settings/params.py for tasks to queue
[2023-07-27T08:32:22.661+0000] {logging_mixin.py:150} INFO - [2023-07-27T08:32:22.660+0000] {dagbag.py:541} INFO - Filling up the DagBag from /opt/airflow/dags/settings/params.py
[2023-07-27T08:32:23.118+0000] {processor.py:838} WARNING - No viable dags retrieved from /opt/airflow/dags/settings/params.py
[2023-07-27T08:32:23.133+0000] {processor.py:179} INFO - Processing /opt/airflow/dags/settings/params.py took 0.482 seconds
[2023-07-27T08:32:53.349+0000] {processor.py:157} INFO - Started process (PID=650) to work on /opt/airflow/dags/settings/params.py
[2023-07-27T08:32:53.351+0000] {processor.py:826} INFO - Processing file /opt/airflow/dags/settings/params.py for tasks to queue
[2023-07-27T08:32:53.353+0000] {logging_mixin.py:150} INFO - [2023-07-27T08:32:53.352+0000] {dagbag.py:541} INFO - Filling up the DagBag from /opt/airflow/dags/settings/params.py
[2023-07-27T08:32:53.827+0000] {processor.py:838} WARNING - No viable dags retrieved from /opt/airflow/dags/settings/params.py
[2023-07-27T08:32:53.842+0000] {processor.py:179} INFO - Processing /opt/airflow/dags/settings/params.py took 0.497 seconds
[2023-07-27T08:33:24.548+0000] {processor.py:157} INFO - Started process (PID=666) to work on /opt/airflow/dags/settings/params.py
[2023-07-27T08:33:24.550+0000] {processor.py:826} INFO - Processing file /opt/airflow/dags/settings/params.py for tasks to queue
[2023-07-27T08:33:24.552+0000] {logging_mixin.py:150} INFO - [2023-07-27T08:33:24.552+0000] {dagbag.py:541} INFO - Filling up the DagBag from /opt/airflow/dags/settings/params.py
[2023-07-27T08:33:25.018+0000] {processor.py:838} WARNING - No viable dags retrieved from /opt/airflow/dags/settings/params.py
[2023-07-27T08:33:25.032+0000] {processor.py:179} INFO - Processing /opt/airflow/dags/settings/params.py took 0.490 seconds
[2023-07-27T08:33:55.250+0000] {processor.py:157} INFO - Started process (PID=682) to work on /opt/airflow/dags/settings/params.py
[2023-07-27T08:33:55.252+0000] {processor.py:826} INFO - Processing file /opt/airflow/dags/settings/params.py for tasks to queue
[2023-07-27T08:33:55.255+0000] {logging_mixin.py:150} INFO - [2023-07-27T08:33:55.254+0000] {dagbag.py:541} INFO - Filling up the DagBag from /opt/airflow/dags/settings/params.py
[2023-07-27T08:33:55.728+0000] {processor.py:838} WARNING - No viable dags retrieved from /opt/airflow/dags/settings/params.py
[2023-07-27T08:33:55.744+0000] {processor.py:179} INFO - Processing /opt/airflow/dags/settings/params.py took 0.500 seconds
[2023-07-27T08:34:26.002+0000] {processor.py:157} INFO - Started process (PID=698) to work on /opt/airflow/dags/settings/params.py
[2023-07-27T08:34:26.006+0000] {processor.py:826} INFO - Processing file /opt/airflow/dags/settings/params.py for tasks to queue
[2023-07-27T08:34:26.009+0000] {logging_mixin.py:150} INFO - [2023-07-27T08:34:26.008+0000] {dagbag.py:541} INFO - Filling up the DagBag from /opt/airflow/dags/settings/params.py
[2023-07-27T08:34:26.577+0000] {processor.py:838} WARNING - No viable dags retrieved from /opt/airflow/dags/settings/params.py
[2023-07-27T08:34:26.610+0000] {processor.py:179} INFO - Processing /opt/airflow/dags/settings/params.py took 0.614 seconds
[2023-07-27T08:34:56.853+0000] {processor.py:157} INFO - Started process (PID=714) to work on /opt/airflow/dags/settings/params.py
[2023-07-27T08:34:56.855+0000] {processor.py:826} INFO - Processing file /opt/airflow/dags/settings/params.py for tasks to queue
[2023-07-27T08:34:56.858+0000] {logging_mixin.py:150} INFO - [2023-07-27T08:34:56.857+0000] {dagbag.py:541} INFO - Filling up the DagBag from /opt/airflow/dags/settings/params.py
[2023-07-27T08:34:57.317+0000] {processor.py:838} WARNING - No viable dags retrieved from /opt/airflow/dags/settings/params.py
[2023-07-27T08:34:57.332+0000] {processor.py:179} INFO - Processing /opt/airflow/dags/settings/params.py took 0.484 seconds
[2023-07-27T08:35:27.555+0000] {processor.py:157} INFO - Started process (PID=730) to work on /opt/airflow/dags/settings/params.py
[2023-07-27T08:35:27.557+0000] {processor.py:826} INFO - Processing file /opt/airflow/dags/settings/params.py for tasks to queue
[2023-07-27T08:35:27.559+0000] {logging_mixin.py:150} INFO - [2023-07-27T08:35:27.559+0000] {dagbag.py:541} INFO - Filling up the DagBag from /opt/airflow/dags/settings/params.py
[2023-07-27T08:35:28.012+0000] {processor.py:838} WARNING - No viable dags retrieved from /opt/airflow/dags/settings/params.py
[2023-07-27T08:35:28.026+0000] {processor.py:179} INFO - Processing /opt/airflow/dags/settings/params.py took 0.478 seconds
[2023-07-27T08:35:58.749+0000] {processor.py:157} INFO - Started process (PID=746) to work on /opt/airflow/dags/settings/params.py
[2023-07-27T08:35:58.751+0000] {processor.py:826} INFO - Processing file /opt/airflow/dags/settings/params.py for tasks to queue
[2023-07-27T08:35:58.753+0000] {logging_mixin.py:150} INFO - [2023-07-27T08:35:58.752+0000] {dagbag.py:541} INFO - Filling up the DagBag from /opt/airflow/dags/settings/params.py
[2023-07-27T08:35:59.248+0000] {processor.py:838} WARNING - No viable dags retrieved from /opt/airflow/dags/settings/params.py
[2023-07-27T08:35:59.265+0000] {processor.py:179} INFO - Processing /opt/airflow/dags/settings/params.py took 0.522 seconds
[2023-07-27T08:36:30.135+0000] {processor.py:157} INFO - Started process (PID=762) to work on /opt/airflow/dags/settings/params.py
[2023-07-27T08:36:30.137+0000] {processor.py:826} INFO - Processing file /opt/airflow/dags/settings/params.py for tasks to queue
[2023-07-27T08:36:30.139+0000] {logging_mixin.py:150} INFO - [2023-07-27T08:36:30.139+0000] {dagbag.py:541} INFO - Filling up the DagBag from /opt/airflow/dags/settings/params.py
[2023-07-27T08:36:30.590+0000] {processor.py:838} WARNING - No viable dags retrieved from /opt/airflow/dags/settings/params.py
[2023-07-27T08:36:30.605+0000] {processor.py:179} INFO - Processing /opt/airflow/dags/settings/params.py took 0.475 seconds
[2023-07-27T08:37:00.688+0000] {processor.py:157} INFO - Started process (PID=778) to work on /opt/airflow/dags/settings/params.py
[2023-07-27T08:37:00.690+0000] {processor.py:826} INFO - Processing file /opt/airflow/dags/settings/params.py for tasks to queue
[2023-07-27T08:37:00.692+0000] {logging_mixin.py:150} INFO - [2023-07-27T08:37:00.692+0000] {dagbag.py:541} INFO - Filling up the DagBag from /opt/airflow/dags/settings/params.py
[2023-07-27T08:37:01.265+0000] {processor.py:838} WARNING - No viable dags retrieved from /opt/airflow/dags/settings/params.py
[2023-07-27T08:37:01.281+0000] {processor.py:179} INFO - Processing /opt/airflow/dags/settings/params.py took 0.600 seconds
[2023-07-27T08:37:31.652+0000] {processor.py:157} INFO - Started process (PID=794) to work on /opt/airflow/dags/settings/params.py
[2023-07-27T08:37:31.654+0000] {processor.py:826} INFO - Processing file /opt/airflow/dags/settings/params.py for tasks to queue
[2023-07-27T08:37:31.657+0000] {logging_mixin.py:150} INFO - [2023-07-27T08:37:31.656+0000] {dagbag.py:541} INFO - Filling up the DagBag from /opt/airflow/dags/settings/params.py
[2023-07-27T08:37:32.243+0000] {processor.py:838} WARNING - No viable dags retrieved from /opt/airflow/dags/settings/params.py
[2023-07-27T08:37:32.260+0000] {processor.py:179} INFO - Processing /opt/airflow/dags/settings/params.py took 0.614 seconds
[2023-07-27T08:38:02.522+0000] {processor.py:157} INFO - Started process (PID=810) to work on /opt/airflow/dags/settings/params.py
[2023-07-27T08:38:02.525+0000] {processor.py:826} INFO - Processing file /opt/airflow/dags/settings/params.py for tasks to queue
[2023-07-27T08:38:02.527+0000] {logging_mixin.py:150} INFO - [2023-07-27T08:38:02.527+0000] {dagbag.py:541} INFO - Filling up the DagBag from /opt/airflow/dags/settings/params.py
[2023-07-27T08:38:02.983+0000] {processor.py:838} WARNING - No viable dags retrieved from /opt/airflow/dags/settings/params.py
[2023-07-27T08:38:02.997+0000] {processor.py:179} INFO - Processing /opt/airflow/dags/settings/params.py took 0.481 seconds
[2023-07-27T08:38:33.205+0000] {processor.py:157} INFO - Started process (PID=826) to work on /opt/airflow/dags/settings/params.py
[2023-07-27T08:38:33.207+0000] {processor.py:826} INFO - Processing file /opt/airflow/dags/settings/params.py for tasks to queue
[2023-07-27T08:38:33.210+0000] {logging_mixin.py:150} INFO - [2023-07-27T08:38:33.209+0000] {dagbag.py:541} INFO - Filling up the DagBag from /opt/airflow/dags/settings/params.py
[2023-07-27T08:38:33.669+0000] {processor.py:838} WARNING - No viable dags retrieved from /opt/airflow/dags/settings/params.py
[2023-07-27T08:38:33.684+0000] {processor.py:179} INFO - Processing /opt/airflow/dags/settings/params.py took 0.485 seconds
[2023-07-27T08:39:03.938+0000] {processor.py:157} INFO - Started process (PID=840) to work on /opt/airflow/dags/settings/params.py
[2023-07-27T08:39:03.940+0000] {processor.py:826} INFO - Processing file /opt/airflow/dags/settings/params.py for tasks to queue
[2023-07-27T08:39:03.943+0000] {logging_mixin.py:150} INFO - [2023-07-27T08:39:03.942+0000] {dagbag.py:541} INFO - Filling up the DagBag from /opt/airflow/dags/settings/params.py
[2023-07-27T08:39:04.469+0000] {processor.py:838} WARNING - No viable dags retrieved from /opt/airflow/dags/settings/params.py
[2023-07-27T08:39:04.485+0000] {processor.py:179} INFO - Processing /opt/airflow/dags/settings/params.py took 0.551 seconds
[2023-07-27T08:39:34.726+0000] {processor.py:157} INFO - Started process (PID=847) to work on /opt/airflow/dags/settings/params.py
[2023-07-27T08:39:34.728+0000] {processor.py:826} INFO - Processing file /opt/airflow/dags/settings/params.py for tasks to queue
[2023-07-27T08:39:34.731+0000] {logging_mixin.py:150} INFO - [2023-07-27T08:39:34.730+0000] {dagbag.py:541} INFO - Filling up the DagBag from /opt/airflow/dags/settings/params.py
[2023-07-27T08:39:35.213+0000] {processor.py:838} WARNING - No viable dags retrieved from /opt/airflow/dags/settings/params.py
[2023-07-27T08:39:35.226+0000] {processor.py:179} INFO - Processing /opt/airflow/dags/settings/params.py took 0.506 seconds
[2023-07-27T08:40:05.448+0000] {processor.py:157} INFO - Started process (PID=863) to work on /opt/airflow/dags/settings/params.py
[2023-07-27T08:40:05.450+0000] {processor.py:826} INFO - Processing file /opt/airflow/dags/settings/params.py for tasks to queue
[2023-07-27T08:40:05.452+0000] {logging_mixin.py:150} INFO - [2023-07-27T08:40:05.452+0000] {dagbag.py:541} INFO - Filling up the DagBag from /opt/airflow/dags/settings/params.py
[2023-07-27T08:40:05.928+0000] {processor.py:838} WARNING - No viable dags retrieved from /opt/airflow/dags/settings/params.py
[2023-07-27T08:40:05.945+0000] {processor.py:179} INFO - Processing /opt/airflow/dags/settings/params.py took 0.503 seconds
[2023-07-27T08:40:36.148+0000] {processor.py:157} INFO - Started process (PID=879) to work on /opt/airflow/dags/settings/params.py
[2023-07-27T08:40:36.150+0000] {processor.py:826} INFO - Processing file /opt/airflow/dags/settings/params.py for tasks to queue
[2023-07-27T08:40:36.152+0000] {logging_mixin.py:150} INFO - [2023-07-27T08:40:36.152+0000] {dagbag.py:541} INFO - Filling up the DagBag from /opt/airflow/dags/settings/params.py
[2023-07-27T08:40:36.606+0000] {processor.py:838} WARNING - No viable dags retrieved from /opt/airflow/dags/settings/params.py
[2023-07-27T08:40:36.621+0000] {processor.py:179} INFO - Processing /opt/airflow/dags/settings/params.py took 0.479 seconds
[2023-07-27T08:41:06.847+0000] {processor.py:157} INFO - Started process (PID=895) to work on /opt/airflow/dags/settings/params.py
[2023-07-27T08:41:06.850+0000] {processor.py:826} INFO - Processing file /opt/airflow/dags/settings/params.py for tasks to queue
[2023-07-27T08:41:06.852+0000] {logging_mixin.py:150} INFO - [2023-07-27T08:41:06.851+0000] {dagbag.py:541} INFO - Filling up the DagBag from /opt/airflow/dags/settings/params.py
[2023-07-27T08:41:07.320+0000] {processor.py:838} WARNING - No viable dags retrieved from /opt/airflow/dags/settings/params.py
[2023-07-27T08:41:07.335+0000] {processor.py:179} INFO - Processing /opt/airflow/dags/settings/params.py took 0.494 seconds
[2023-07-27T08:41:38.035+0000] {processor.py:157} INFO - Started process (PID=911) to work on /opt/airflow/dags/settings/params.py
[2023-07-27T08:41:38.037+0000] {processor.py:826} INFO - Processing file /opt/airflow/dags/settings/params.py for tasks to queue
[2023-07-27T08:41:38.040+0000] {logging_mixin.py:150} INFO - [2023-07-27T08:41:38.039+0000] {dagbag.py:541} INFO - Filling up the DagBag from /opt/airflow/dags/settings/params.py
[2023-07-27T08:41:38.499+0000] {processor.py:838} WARNING - No viable dags retrieved from /opt/airflow/dags/settings/params.py
[2023-07-27T08:41:38.514+0000] {processor.py:179} INFO - Processing /opt/airflow/dags/settings/params.py took 0.484 seconds
[2023-07-27T08:42:08.753+0000] {processor.py:157} INFO - Started process (PID=927) to work on /opt/airflow/dags/settings/params.py
[2023-07-27T08:42:08.756+0000] {processor.py:826} INFO - Processing file /opt/airflow/dags/settings/params.py for tasks to queue
[2023-07-27T08:42:08.758+0000] {logging_mixin.py:150} INFO - [2023-07-27T08:42:08.757+0000] {dagbag.py:541} INFO - Filling up the DagBag from /opt/airflow/dags/settings/params.py
[2023-07-27T08:42:09.243+0000] {processor.py:838} WARNING - No viable dags retrieved from /opt/airflow/dags/settings/params.py
[2023-07-27T08:42:09.256+0000] {processor.py:179} INFO - Processing /opt/airflow/dags/settings/params.py took 0.508 seconds
[2023-07-27T08:42:39.477+0000] {processor.py:157} INFO - Started process (PID=943) to work on /opt/airflow/dags/settings/params.py
[2023-07-27T08:42:39.479+0000] {processor.py:826} INFO - Processing file /opt/airflow/dags/settings/params.py for tasks to queue
[2023-07-27T08:42:39.481+0000] {logging_mixin.py:150} INFO - [2023-07-27T08:42:39.481+0000] {dagbag.py:541} INFO - Filling up the DagBag from /opt/airflow/dags/settings/params.py
[2023-07-27T08:42:39.939+0000] {processor.py:838} WARNING - No viable dags retrieved from /opt/airflow/dags/settings/params.py
[2023-07-27T08:42:39.955+0000] {processor.py:179} INFO - Processing /opt/airflow/dags/settings/params.py took 0.484 seconds
[2023-07-27T08:43:10.672+0000] {processor.py:157} INFO - Started process (PID=959) to work on /opt/airflow/dags/settings/params.py
[2023-07-27T08:43:10.674+0000] {processor.py:826} INFO - Processing file /opt/airflow/dags/settings/params.py for tasks to queue
[2023-07-27T08:43:10.677+0000] {logging_mixin.py:150} INFO - [2023-07-27T08:43:10.676+0000] {dagbag.py:541} INFO - Filling up the DagBag from /opt/airflow/dags/settings/params.py
[2023-07-27T08:43:11.163+0000] {processor.py:838} WARNING - No viable dags retrieved from /opt/airflow/dags/settings/params.py
[2023-07-27T08:43:11.205+0000] {processor.py:179} INFO - Processing /opt/airflow/dags/settings/params.py took 0.539 seconds
[2023-07-27T08:43:41.447+0000] {processor.py:157} INFO - Started process (PID=975) to work on /opt/airflow/dags/settings/params.py
[2023-07-27T08:43:41.449+0000] {processor.py:826} INFO - Processing file /opt/airflow/dags/settings/params.py for tasks to queue
[2023-07-27T08:43:41.452+0000] {logging_mixin.py:150} INFO - [2023-07-27T08:43:41.451+0000] {dagbag.py:541} INFO - Filling up the DagBag from /opt/airflow/dags/settings/params.py
[2023-07-27T08:43:41.906+0000] {processor.py:838} WARNING - No viable dags retrieved from /opt/airflow/dags/settings/params.py
[2023-07-27T08:43:41.921+0000] {processor.py:179} INFO - Processing /opt/airflow/dags/settings/params.py took 0.479 seconds
[2023-07-27T08:44:12.140+0000] {processor.py:157} INFO - Started process (PID=991) to work on /opt/airflow/dags/settings/params.py
[2023-07-27T08:44:12.142+0000] {processor.py:826} INFO - Processing file /opt/airflow/dags/settings/params.py for tasks to queue
[2023-07-27T08:44:12.144+0000] {logging_mixin.py:150} INFO - [2023-07-27T08:44:12.144+0000] {dagbag.py:541} INFO - Filling up the DagBag from /opt/airflow/dags/settings/params.py
[2023-07-27T08:44:12.612+0000] {processor.py:838} WARNING - No viable dags retrieved from /opt/airflow/dags/settings/params.py
[2023-07-27T08:44:12.627+0000] {processor.py:179} INFO - Processing /opt/airflow/dags/settings/params.py took 0.493 seconds
[2023-07-27T08:44:43.356+0000] {processor.py:157} INFO - Started process (PID=1007) to work on /opt/airflow/dags/settings/params.py
[2023-07-27T08:44:43.358+0000] {processor.py:826} INFO - Processing file /opt/airflow/dags/settings/params.py for tasks to queue
[2023-07-27T08:44:43.360+0000] {logging_mixin.py:150} INFO - [2023-07-27T08:44:43.360+0000] {dagbag.py:541} INFO - Filling up the DagBag from /opt/airflow/dags/settings/params.py
[2023-07-27T08:44:43.823+0000] {processor.py:838} WARNING - No viable dags retrieved from /opt/airflow/dags/settings/params.py
[2023-07-27T08:44:43.837+0000] {processor.py:179} INFO - Processing /opt/airflow/dags/settings/params.py took 0.487 seconds
[2023-07-27T08:45:14.169+0000] {processor.py:157} INFO - Started process (PID=1023) to work on /opt/airflow/dags/settings/params.py
[2023-07-27T08:45:14.184+0000] {processor.py:826} INFO - Processing file /opt/airflow/dags/settings/params.py for tasks to queue
[2023-07-27T08:45:14.198+0000] {logging_mixin.py:150} INFO - [2023-07-27T08:45:14.197+0000] {dagbag.py:541} INFO - Filling up the DagBag from /opt/airflow/dags/settings/params.py
[2023-07-27T08:45:14.948+0000] {processor.py:838} WARNING - No viable dags retrieved from /opt/airflow/dags/settings/params.py
[2023-07-27T08:45:14.972+0000] {processor.py:179} INFO - Processing /opt/airflow/dags/settings/params.py took 0.825 seconds
[2023-07-27T08:45:45.236+0000] {processor.py:157} INFO - Started process (PID=1039) to work on /opt/airflow/dags/settings/params.py
[2023-07-27T08:45:45.239+0000] {processor.py:826} INFO - Processing file /opt/airflow/dags/settings/params.py for tasks to queue
[2023-07-27T08:45:45.241+0000] {logging_mixin.py:150} INFO - [2023-07-27T08:45:45.241+0000] {dagbag.py:541} INFO - Filling up the DagBag from /opt/airflow/dags/settings/params.py
[2023-07-27T08:45:45.916+0000] {processor.py:838} WARNING - No viable dags retrieved from /opt/airflow/dags/settings/params.py
[2023-07-27T08:45:45.933+0000] {processor.py:179} INFO - Processing /opt/airflow/dags/settings/params.py took 0.703 seconds
[2023-07-27T08:46:16.163+0000] {processor.py:157} INFO - Started process (PID=1055) to work on /opt/airflow/dags/settings/params.py
[2023-07-27T08:46:16.166+0000] {processor.py:826} INFO - Processing file /opt/airflow/dags/settings/params.py for tasks to queue
[2023-07-27T08:46:16.169+0000] {logging_mixin.py:150} INFO - [2023-07-27T08:46:16.169+0000] {dagbag.py:541} INFO - Filling up the DagBag from /opt/airflow/dags/settings/params.py
[2023-07-27T08:46:16.826+0000] {processor.py:838} WARNING - No viable dags retrieved from /opt/airflow/dags/settings/params.py
[2023-07-27T08:46:16.847+0000] {processor.py:179} INFO - Processing /opt/airflow/dags/settings/params.py took 0.690 seconds
[2023-07-27T08:46:47.075+0000] {processor.py:157} INFO - Started process (PID=1071) to work on /opt/airflow/dags/settings/params.py
[2023-07-27T08:46:47.078+0000] {processor.py:826} INFO - Processing file /opt/airflow/dags/settings/params.py for tasks to queue
[2023-07-27T08:46:47.080+0000] {logging_mixin.py:150} INFO - [2023-07-27T08:46:47.079+0000] {dagbag.py:541} INFO - Filling up the DagBag from /opt/airflow/dags/settings/params.py
[2023-07-27T08:46:47.779+0000] {processor.py:838} WARNING - No viable dags retrieved from /opt/airflow/dags/settings/params.py
[2023-07-27T08:46:47.800+0000] {processor.py:179} INFO - Processing /opt/airflow/dags/settings/params.py took 0.729 seconds
