[2023-07-27T00:36:34.945+0000] {taskinstance.py:1103} INFO - Dependencies all met for dep_context=non-requeueable deps ti=<TaskInstance: EPT_DATA_ENG_ETL_V0.1.0.extract_wb_data manual__2023-07-27T00:36:30.883054+00:00 [queued]>
[2023-07-27T00:36:34.960+0000] {taskinstance.py:1103} INFO - Dependencies all met for dep_context=requeueable deps ti=<TaskInstance: EPT_DATA_ENG_ETL_V0.1.0.extract_wb_data manual__2023-07-27T00:36:30.883054+00:00 [queued]>
[2023-07-27T00:36:34.961+0000] {taskinstance.py:1308} INFO - Starting attempt 1 of 2
[2023-07-27T00:36:34.992+0000] {taskinstance.py:1327} INFO - Executing <Task(PythonOperator): extract_wb_data> on 2023-07-27 00:36:30.883054+00:00
[2023-07-27T00:36:35.001+0000] {standard_task_runner.py:57} INFO - Started process 267 to run task
[2023-07-27T00:36:35.007+0000] {standard_task_runner.py:84} INFO - Running: ['***', 'tasks', 'run', 'EPT_DATA_ENG_ETL_V0.1.0', 'extract_wb_data', 'manual__2023-07-27T00:36:30.883054+00:00', '--job-id', '2', '--raw', '--subdir', 'DAGS_FOLDER/etl_dag.py', '--cfg-path', '/tmp/tmpan0uge0l']
[2023-07-27T00:36:35.011+0000] {standard_task_runner.py:85} INFO - Job 2: Subtask extract_wb_data
[2023-07-27T00:36:35.095+0000] {task_command.py:410} INFO - Running <TaskInstance: EPT_DATA_ENG_ETL_V0.1.0.extract_wb_data manual__2023-07-27T00:36:30.883054+00:00 [running]> on host 95adc7c648f6
[2023-07-27T00:36:35.228+0000] {taskinstance.py:1547} INFO - Exporting env vars: AIRFLOW_CTX_DAG_OWNER='Airflow' AIRFLOW_CTX_DAG_ID='EPT_DATA_ENG_ETL_V0.1.0' AIRFLOW_CTX_TASK_ID='extract_wb_data' AIRFLOW_CTX_EXECUTION_DATE='2023-07-27T00:36:30.883054+00:00' AIRFLOW_CTX_TRY_NUMBER='1' AIRFLOW_CTX_DAG_RUN_ID='manual__2023-07-27T00:36:30.883054+00:00'
[2023-07-27T00:36:35.241+0000] {logging_mixin.py:150} INFO - Directory 'data/input/wb_data/' and its subfolders created successfully.
[2023-07-27T00:37:20.347+0000] {python.py:183} INFO - Done. Returned value was: {'PM2.5 air pollution, mean annual exposure (micrograms per cubic meter)': economy        SEN
YR1960         NaN
YR1961         NaN
YR1962         NaN
YR1963         NaN
YR1964         NaN
...            ...
YR2018   60.082709
YR2019   60.211397
YR2020         NaN
YR2021         NaN
YR2022         NaN

[63 rows x 1 columns], 'PM2.5 pollution, population exposed to levels exceeding WHO Interim Target-1 value (% of total)': economy  SEN
YR1960   NaN
YR1961   NaN
YR1962   NaN
YR1963   NaN
YR1964   NaN
...      ...
YR2018   NaN
YR2019   NaN
YR2020   NaN
YR2021   NaN
YR2022   NaN

[63 rows x 1 columns], 'PM2.5 pollution, population exposed to levels exceeding WHO Interim Target-2 value (% of total)': economy  SEN
YR1960   NaN
YR1961   NaN
YR1962   NaN
YR1963   NaN
YR1964   NaN
...      ...
YR2018   NaN
YR2019   NaN
YR2020   NaN
YR2021   NaN
YR2022   NaN

[63 rows x 1 columns], 'PM2.5 pollution, population exposed to levels exceeding WHO Interim Target-3 value (% of total)': economy  SEN
YR1960   NaN
YR1961   NaN
YR1962   NaN
YR1963   NaN
YR1964   NaN
...      ...
YR2018   NaN
YR2019   NaN
YR2020   NaN
YR2021   NaN
YR2022   NaN

[63 rows x 1 columns], 'PM2.5 air pollution, population exposed to levels exceeding WHO guideline value (% of total)': economy  SEN
YR1960   NaN
YR1961   NaN
YR1962   NaN
YR1963   NaN
YR1964   NaN
...      ...
YR2018   NaN
YR2019   NaN
YR2020   NaN
YR2021   NaN
YR2022   NaN

[63 rows x 1 columns]}
[2023-07-27T00:37:20.435+0000] {taskinstance.py:1350} INFO - Marking task as SUCCESS. dag_id=EPT_DATA_ENG_ETL_V0.1.0, task_id=extract_wb_data, execution_date=20230727T003630, start_date=20230727T003634, end_date=20230727T003720
[2023-07-27T00:37:20.458+0000] {logging_mixin.py:150} WARNING - /home/***/.local/lib/python3.7/site-packages/***/utils/email.py:153 RemovedInAirflow3Warning: Fetching SMTP credentials from configuration variables will be deprecated in a future release. Please set credentials using a connection instead.
[2023-07-27T00:37:20.460+0000] {email.py:269} INFO - Email alerting: attempt 1
[2023-07-27T00:37:22.988+0000] {email.py:281} INFO - Sent an alert email to ['diopbamba86@gmail.com']
[2023-07-27T00:37:26.106+0000] {local_task_job_runner.py:225} INFO - Task exited with return code 0
[2023-07-27T00:37:26.147+0000] {taskinstance.py:2653} INFO - 1 downstream tasks scheduled from follow-on schedule check
