[2023-07-26T23:29:17.267+0000] {manager.py:487} INFO - Processing files using up to 2 processes at a time 
[2023-07-26T23:29:17.269+0000] {manager.py:488} INFO - Process each file at most once every 30 seconds
[2023-07-26T23:29:17.273+0000] {manager.py:490} INFO - Checking for new files in /opt/airflow/dags every 300 seconds
[2023-07-26T23:29:17.277+0000] {manager.py:758} INFO - Searching for files in /opt/airflow/dags
[2023-07-26T23:29:17.316+0000] {manager.py:761} INFO - There are 2 files in /opt/airflow/dags
[2023-07-26T23:29:17.665+0000] {manager.py:889} INFO - 
================================================================================
DAG File Processing Stats

File Path                               PID  Runtime      # DAGs    # Errors  Last Runtime    Last Run
------------------------------------  -----  ---------  --------  ----------  --------------  ----------
/opt/airflow/dags/etl_dag.py            183  0.11s             0           0
/opt/airflow/dags/settings/params.py    180  0.15s             0           0
================================================================================
[2023-07-26T23:29:48.222+0000] {manager.py:889} INFO - 
================================================================================
DAG File Processing Stats

File Path                               PID  Runtime      # DAGs    # Errors  Last Runtime    Last Run
------------------------------------  -----  ---------  --------  ----------  --------------  -------------------
/opt/airflow/dags/settings/params.py    196  0.00s             0           0  0.54s           2023-07-26T23:29:18
/opt/airflow/dags/etl_dag.py                                   1           0  1.85s           2023-07-26T23:29:19
================================================================================
[2023-07-26T23:30:18.846+0000] {manager.py:889} INFO - 
================================================================================
DAG File Processing Stats

File Path                               PID  Runtime      # DAGs    # Errors  Last Runtime    Last Run
------------------------------------  -----  ---------  --------  ----------  --------------  -------------------
/opt/airflow/dags/settings/params.py    228  0.00s             0           0  0.44s           2023-07-26T23:29:48
/opt/airflow/dags/etl_dag.py                                   1           0  2.13s           2023-07-26T23:29:51
================================================================================
[2023-07-26T23:30:49.019+0000] {manager.py:889} INFO - 
================================================================================
DAG File Processing Stats

File Path                             PID    Runtime      # DAGs    # Errors  Last Runtime    Last Run
------------------------------------  -----  ---------  --------  ----------  --------------  -------------------
/opt/airflow/dags/settings/params.py                           0           0  0.42s           2023-07-26T23:30:19
/opt/airflow/dags/etl_dag.py                                   1           0  2.00s           2023-07-26T23:30:23
================================================================================
[2023-07-26T23:31:19.074+0000] {manager.py:889} INFO - 
================================================================================
DAG File Processing Stats

File Path                             PID    Runtime      # DAGs    # Errors  Last Runtime    Last Run
------------------------------------  -----  ---------  --------  ----------  --------------  -------------------
/opt/airflow/dags/settings/params.py                           0           0  0.50s           2023-07-26T23:30:49
/opt/airflow/dags/etl_dag.py                                   1           0  2.04s           2023-07-26T23:30:55
================================================================================
[2023-07-26T23:31:48.096+0000] {manager.py:470} INFO - Exiting gracefully upon receiving signal 15
