[2023-07-26T23:29:17.559+0000] {processor.py:157} INFO - Started process (PID=180) to work on /opt/airflow/dags/settings/params.py
[2023-07-26T23:29:17.563+0000] {processor.py:826} INFO - Processing file /opt/airflow/dags/settings/params.py for tasks to queue
[2023-07-26T23:29:17.568+0000] {logging_mixin.py:150} INFO - [2023-07-26T23:29:17.568+0000] {dagbag.py:541} INFO - Filling up the DagBag from /opt/airflow/dags/settings/params.py
[2023-07-26T23:29:18.021+0000] {processor.py:838} WARNING - No viable dags retrieved from /opt/airflow/dags/settings/params.py
[2023-07-26T23:29:18.042+0000] {processor.py:179} INFO - Processing /opt/airflow/dags/settings/params.py took 0.488 seconds
[2023-07-26T23:29:48.238+0000] {processor.py:157} INFO - Started process (PID=196) to work on /opt/airflow/dags/settings/params.py
[2023-07-26T23:29:48.240+0000] {processor.py:826} INFO - Processing file /opt/airflow/dags/settings/params.py for tasks to queue
[2023-07-26T23:29:48.242+0000] {logging_mixin.py:150} INFO - [2023-07-26T23:29:48.242+0000] {dagbag.py:541} INFO - Filling up the DagBag from /opt/airflow/dags/settings/params.py
[2023-07-26T23:29:48.625+0000] {processor.py:838} WARNING - No viable dags retrieved from /opt/airflow/dags/settings/params.py
[2023-07-26T23:29:48.643+0000] {processor.py:179} INFO - Processing /opt/airflow/dags/settings/params.py took 0.410 seconds
[2023-07-26T23:30:18.862+0000] {processor.py:157} INFO - Started process (PID=228) to work on /opt/airflow/dags/settings/params.py
[2023-07-26T23:30:18.865+0000] {processor.py:826} INFO - Processing file /opt/airflow/dags/settings/params.py for tasks to queue
[2023-07-26T23:30:18.867+0000] {logging_mixin.py:150} INFO - [2023-07-26T23:30:18.867+0000] {dagbag.py:541} INFO - Filling up the DagBag from /opt/airflow/dags/settings/params.py
[2023-07-26T23:30:19.228+0000] {processor.py:838} WARNING - No viable dags retrieved from /opt/airflow/dags/settings/params.py
[2023-07-26T23:30:19.243+0000] {processor.py:179} INFO - Processing /opt/airflow/dags/settings/params.py took 0.385 seconds
[2023-07-26T23:30:49.424+0000] {processor.py:157} INFO - Started process (PID=283) to work on /opt/airflow/dags/settings/params.py
[2023-07-26T23:30:49.427+0000] {processor.py:826} INFO - Processing file /opt/airflow/dags/settings/params.py for tasks to queue
[2023-07-26T23:30:49.430+0000] {logging_mixin.py:150} INFO - [2023-07-26T23:30:49.429+0000] {dagbag.py:541} INFO - Filling up the DagBag from /opt/airflow/dags/settings/params.py
[2023-07-26T23:30:49.860+0000] {processor.py:838} WARNING - No viable dags retrieved from /opt/airflow/dags/settings/params.py
[2023-07-26T23:30:49.880+0000] {processor.py:179} INFO - Processing /opt/airflow/dags/settings/params.py took 0.462 seconds
[2023-07-26T23:31:20.113+0000] {processor.py:157} INFO - Started process (PID=299) to work on /opt/airflow/dags/settings/params.py
[2023-07-26T23:31:20.116+0000] {processor.py:826} INFO - Processing file /opt/airflow/dags/settings/params.py for tasks to queue
[2023-07-26T23:31:20.118+0000] {logging_mixin.py:150} INFO - [2023-07-26T23:31:20.118+0000] {dagbag.py:541} INFO - Filling up the DagBag from /opt/airflow/dags/settings/params.py
[2023-07-26T23:31:20.489+0000] {processor.py:838} WARNING - No viable dags retrieved from /opt/airflow/dags/settings/params.py
[2023-07-26T23:31:20.507+0000] {processor.py:179} INFO - Processing /opt/airflow/dags/settings/params.py took 0.399 seconds
[2023-07-26T23:31:38.136+0000] {processor.py:157} INFO - Started process (PID=315) to work on /opt/airflow/dags/settings/params.py
[2023-07-26T23:31:38.139+0000] {processor.py:826} INFO - Processing file /opt/airflow/dags/settings/params.py for tasks to queue
[2023-07-26T23:31:38.141+0000] {logging_mixin.py:150} INFO - [2023-07-26T23:31:38.141+0000] {dagbag.py:541} INFO - Filling up the DagBag from /opt/airflow/dags/settings/params.py
[2023-07-26T23:31:38.572+0000] {processor.py:838} WARNING - No viable dags retrieved from /opt/airflow/dags/settings/params.py
[2023-07-26T23:31:38.591+0000] {processor.py:179} INFO - Processing /opt/airflow/dags/settings/params.py took 0.461 seconds
