[2023-07-26T23:29:17.587+0000] {processor.py:157} INFO - Started process (PID=183) to work on /opt/airflow/dags/etl_dag.py
[2023-07-26T23:29:17.590+0000] {processor.py:826} INFO - Processing file /opt/airflow/dags/etl_dag.py for tasks to queue
[2023-07-26T23:29:17.593+0000] {logging_mixin.py:150} INFO - [2023-07-26T23:29:17.593+0000] {dagbag.py:541} INFO - Filling up the DagBag from /opt/airflow/dags/etl_dag.py
[2023-07-26T23:29:19.220+0000] {processor.py:836} INFO - DAG(s) dict_keys(['EPT_DATA_ENG_ETL_V0.1.0']) retrieved from /opt/airflow/dags/etl_dag.py
[2023-07-26T23:29:19.274+0000] {logging_mixin.py:150} INFO - [2023-07-26T23:29:19.274+0000] {dag.py:2742} INFO - Sync 1 DAGs
[2023-07-26T23:29:19.320+0000] {logging_mixin.py:150} INFO - [2023-07-26T23:29:19.320+0000] {dag.py:3508} INFO - Setting next_dagrun for EPT_DATA_ENG_ETL_V0.1.0 to 2023-07-27T00:00:00+00:00, run_after=2023-07-28T00:00:00+00:00
[2023-07-26T23:29:19.357+0000] {processor.py:179} INFO - Processing /opt/airflow/dags/etl_dag.py took 1.778 seconds
[2023-07-26T23:29:49.590+0000] {processor.py:157} INFO - Started process (PID=201) to work on /opt/airflow/dags/etl_dag.py
[2023-07-26T23:29:49.592+0000] {processor.py:826} INFO - Processing file /opt/airflow/dags/etl_dag.py for tasks to queue
[2023-07-26T23:29:49.594+0000] {logging_mixin.py:150} INFO - [2023-07-26T23:29:49.594+0000] {dagbag.py:541} INFO - Filling up the DagBag from /opt/airflow/dags/etl_dag.py
[2023-07-26T23:29:51.449+0000] {processor.py:836} INFO - DAG(s) dict_keys(['EPT_DATA_ENG_ETL_V0.1.0']) retrieved from /opt/airflow/dags/etl_dag.py
[2023-07-26T23:29:51.625+0000] {logging_mixin.py:150} INFO - [2023-07-26T23:29:51.624+0000] {dag.py:2742} INFO - Sync 1 DAGs
[2023-07-26T23:29:51.652+0000] {logging_mixin.py:150} INFO - [2023-07-26T23:29:51.652+0000] {dag.py:3508} INFO - Setting next_dagrun for EPT_DATA_ENG_ETL_V0.1.0 to 2023-07-27T00:00:00+00:00, run_after=2023-07-28T00:00:00+00:00
[2023-07-26T23:29:51.673+0000] {processor.py:179} INFO - Processing /opt/airflow/dags/etl_dag.py took 2.089 seconds
[2023-07-26T23:30:21.905+0000] {processor.py:157} INFO - Started process (PID=234) to work on /opt/airflow/dags/etl_dag.py
[2023-07-26T23:30:21.907+0000] {processor.py:826} INFO - Processing file /opt/airflow/dags/etl_dag.py for tasks to queue
[2023-07-26T23:30:21.909+0000] {logging_mixin.py:150} INFO - [2023-07-26T23:30:21.909+0000] {dagbag.py:541} INFO - Filling up the DagBag from /opt/airflow/dags/etl_dag.py
[2023-07-26T23:30:23.590+0000] {processor.py:836} INFO - DAG(s) dict_keys(['EPT_DATA_ENG_ETL_V0.1.0']) retrieved from /opt/airflow/dags/etl_dag.py
[2023-07-26T23:30:23.791+0000] {logging_mixin.py:150} INFO - [2023-07-26T23:30:23.791+0000] {dag.py:2742} INFO - Sync 1 DAGs
[2023-07-26T23:30:23.826+0000] {logging_mixin.py:150} INFO - [2023-07-26T23:30:23.826+0000] {dag.py:3508} INFO - Setting next_dagrun for EPT_DATA_ENG_ETL_V0.1.0 to 2023-07-27T00:00:00+00:00, run_after=2023-07-28T00:00:00+00:00
[2023-07-26T23:30:23.855+0000] {processor.py:179} INFO - Processing /opt/airflow/dags/etl_dag.py took 1.955 seconds
[2023-07-26T23:30:53.954+0000] {processor.py:157} INFO - Started process (PID=288) to work on /opt/airflow/dags/etl_dag.py
[2023-07-26T23:30:53.973+0000] {processor.py:826} INFO - Processing file /opt/airflow/dags/etl_dag.py for tasks to queue
[2023-07-26T23:30:53.976+0000] {logging_mixin.py:150} INFO - [2023-07-26T23:30:53.976+0000] {dagbag.py:541} INFO - Filling up the DagBag from /opt/airflow/dags/etl_dag.py
[2023-07-26T23:30:55.668+0000] {processor.py:836} INFO - DAG(s) dict_keys(['EPT_DATA_ENG_ETL_V0.1.0']) retrieved from /opt/airflow/dags/etl_dag.py
[2023-07-26T23:30:55.889+0000] {logging_mixin.py:150} INFO - [2023-07-26T23:30:55.888+0000] {dag.py:2742} INFO - Sync 1 DAGs
[2023-07-26T23:30:55.915+0000] {logging_mixin.py:150} INFO - [2023-07-26T23:30:55.915+0000] {dag.py:3508} INFO - Setting next_dagrun for EPT_DATA_ENG_ETL_V0.1.0 to 2023-07-27T00:00:00+00:00, run_after=2023-07-28T00:00:00+00:00
[2023-07-26T23:30:55.937+0000] {processor.py:179} INFO - Processing /opt/airflow/dags/etl_dag.py took 1.989 seconds
[2023-07-26T23:31:26.174+0000] {processor.py:157} INFO - Started process (PID=304) to work on /opt/airflow/dags/etl_dag.py
[2023-07-26T23:31:26.177+0000] {processor.py:826} INFO - Processing file /opt/airflow/dags/etl_dag.py for tasks to queue
[2023-07-26T23:31:26.179+0000] {logging_mixin.py:150} INFO - [2023-07-26T23:31:26.179+0000] {dagbag.py:541} INFO - Filling up the DagBag from /opt/airflow/dags/etl_dag.py
[2023-07-26T23:31:27.780+0000] {processor.py:836} INFO - DAG(s) dict_keys(['EPT_DATA_ENG_ETL_V0.1.0']) retrieved from /opt/airflow/dags/etl_dag.py
[2023-07-26T23:31:27.968+0000] {logging_mixin.py:150} INFO - [2023-07-26T23:31:27.967+0000] {dag.py:2742} INFO - Sync 1 DAGs
[2023-07-26T23:31:27.994+0000] {logging_mixin.py:150} INFO - [2023-07-26T23:31:27.994+0000] {dag.py:3508} INFO - Setting next_dagrun for EPT_DATA_ENG_ETL_V0.1.0 to 2023-07-27T00:00:00+00:00, run_after=2023-07-28T00:00:00+00:00
[2023-07-26T23:31:28.016+0000] {processor.py:179} INFO - Processing /opt/airflow/dags/etl_dag.py took 1.848 seconds
